2023-07-25 07:00:26.277 [info] Log level: Info
2023-07-25 07:00:26.277 [info] Validating found git in: "git"
2023-07-25 07:00:26.277 [info] Using git "2.41.0" from "git"
2023-07-25 07:00:26.277 [info] > git rev-parse --show-toplevel [9ms]
2023-07-25 07:00:26.277 [info] fatal: not a git repository (or any of the parent directories): .git
2023-07-25 07:00:26.277 [info] > git rev-parse --show-toplevel [2ms]
2023-07-25 07:00:26.277 [info] fatal: not a git repository (or any of the parent directories): .git
2023-07-25 07:00:26.277 [info] > git rev-parse --show-toplevel [5ms]
2023-07-25 07:00:26.277 [info] fatal: not a git repository (or any of the parent directories): .git
2023-07-25 07:00:26.277 [info] > git rev-parse --show-toplevel [22ms]
2023-07-25 07:00:26.277 [info] fatal: not a git repository (or any of the parent directories): .git
2023-07-25 07:00:26.353 [info] > git rev-parse --show-toplevel [1ms]
2023-07-25 07:00:26.353 [info] fatal: not a git repository (or any of the parent directories): .git
2023-07-25 07:00:26.488 [info] > git rev-parse --show-toplevel [1ms]
2023-07-25 07:00:26.488 [info] fatal: not a git repository (or any of the parent directories): .git
2023-07-25 07:00:27.463 [info] > git rev-parse --show-toplevel [1ms]
2023-07-25 07:00:27.463 [info] fatal: not a git repository (or any of the parent directories): .git
2023-07-25 07:00:45.709 [info] > git rev-parse --show-toplevel [1ms]
2023-07-25 07:00:45.709 [info] fatal: not a git repository (or any of the parent directories): .git
2023-07-25 07:11:13.634 [info] > git rev-parse --show-toplevel [2ms]
2023-07-25 07:11:13.635 [info] fatal: not a git repository (or any of the parent directories): .git
2023-07-25 07:11:13.982 [info] > git rev-parse --show-toplevel [1ms]
2023-07-25 07:11:13.982 [info] fatal: not a git repository (or any of the parent directories): .git
2023-07-25 07:11:14.547 [info] > git rev-parse --show-toplevel [2ms]
2023-07-25 07:11:14.547 [info] fatal: not a git repository (or any of the parent directories): .git
2023-07-25 07:11:22.304 [info] > git rev-parse --show-toplevel [1ms]
2023-07-25 07:11:22.304 [info] fatal: not a git repository (or any of the parent directories): .git
2023-07-25 07:24:52.224 [info] > git rev-parse --show-toplevel [1ms]
2023-07-25 07:24:52.224 [info] fatal: not a git repository (or any of the parent directories): .git
2023-07-25 07:24:52.925 [info] > git rev-parse --show-toplevel [1ms]
2023-07-25 07:24:52.925 [info] fatal: not a git repository (or any of the parent directories): .git
2023-07-25 07:24:53.779 [info] > git rev-parse --show-toplevel [1ms]
2023-07-25 07:24:53.780 [info] fatal: not a git repository (or any of the parent directories): .git
2023-07-25 07:24:54.850 [info] > git rev-parse --show-toplevel [2ms]
2023-07-25 07:24:54.850 [info] fatal: not a git repository (or any of the parent directories): .git
2023-07-25 07:25:08.910 [info] > git rev-parse --show-toplevel [2ms]
2023-07-25 07:25:08.910 [info] fatal: not a git repository (or any of the parent directories): .git
2023-07-25 07:25:11.026 [info] > git rev-parse --show-toplevel [1ms]
2023-07-25 07:25:11.026 [info] fatal: not a git repository (or any of the parent directories): .git
2023-07-25 07:26:02.551 [info] > git rev-parse --show-toplevel [3ms]
2023-07-25 07:26:02.551 [info] fatal: not a git repository (or any of the parent directories): .git
2023-07-25 07:28:29.589 [info] > git rev-parse --show-toplevel [2ms]
2023-07-25 07:28:29.589 [info] fatal: not a git repository (or any of the parent directories): .git
2023-07-25 07:36:18.748 [info] > git rev-parse --show-toplevel [2ms]
2023-07-25 07:36:18.748 [info] fatal: not a git repository (or any of the parent directories): .git
2023-07-25 07:38:57.564 [info] > git rev-parse --show-toplevel [1ms]
2023-07-25 07:38:57.564 [info] fatal: not a git repository (or any of the parent directories): .git
