2023-07-25 04:56:56.406 [info] Log level: Info
2023-07-25 04:56:56.406 [info] Validating found git in: "git"
2023-07-25 04:56:56.450 [info] Using git "2.41.0" from "git"
2023-07-25 04:56:56.474 [info] > git rev-parse --show-toplevel [11ms]
2023-07-25 04:56:56.474 [info] fatal: not a git repository (or any of the parent directories): .git
2023-07-25 05:03:10.795 [info] > git rev-parse --show-toplevel [1ms]
2023-07-25 05:03:10.795 [info] fatal: not a git repository (or any of the parent directories): .git
2023-07-25 05:03:11.631 [info] > git rev-parse --show-toplevel [1ms]
2023-07-25 05:03:11.631 [info] fatal: not a git repository (or any of the parent directories): .git
2023-07-25 05:04:49.738 [info] > git rev-parse --show-toplevel [3ms]
2023-07-25 05:04:49.738 [info] fatal: not a git repository (or any of the parent directories): .git
2023-07-25 05:06:17.961 [info] > git rev-parse --show-toplevel [2ms]
2023-07-25 05:06:17.961 [info] fatal: not a git repository (or any of the parent directories): .git
2023-07-25 05:08:09.027 [info] > git rev-parse --show-toplevel [1ms]
2023-07-25 05:08:09.027 [info] fatal: not a git repository (or any of the parent directories): .git
2023-07-25 05:10:47.779 [info] > git rev-parse --show-toplevel [2ms]
2023-07-25 05:10:47.779 [info] fatal: not a git repository (or any of the parent directories): .git
2023-07-25 05:10:48.780 [info] > git rev-parse --show-toplevel [3ms]
2023-07-25 05:10:48.780 [info] fatal: not a git repository (or any of the parent directories): .git
2023-07-25 05:11:07.310 [info] > git rev-parse --show-toplevel [1ms]
2023-07-25 05:11:07.310 [info] fatal: not a git repository (or any of the parent directories): .git
2023-07-25 05:11:07.783 [info] > git rev-parse --show-toplevel [2ms]
2023-07-25 05:11:07.783 [info] fatal: not a git repository (or any of the parent directories): .git
2023-07-25 05:13:37.161 [info] > git rev-parse --show-toplevel [3ms]
2023-07-25 05:13:37.162 [info] fatal: not a git repository (or any of the parent directories): .git
2023-07-25 05:16:32.066 [info] > git rev-parse --show-toplevel [1ms]
2023-07-25 05:16:32.066 [info] fatal: not a git repository (or any of the parent directories): .git
2023-07-25 05:18:47.326 [info] > git rev-parse --show-toplevel [2ms]
2023-07-25 05:18:47.326 [info] fatal: not a git repository (or any of the parent directories): .git
2023-07-25 05:18:48.000 [info] > git rev-parse --show-toplevel [1ms]
2023-07-25 05:18:48.000 [info] fatal: not a git repository (or any of the parent directories): .git
2023-07-25 05:20:01.349 [info] > git rev-parse --show-toplevel [3ms]
2023-07-25 05:20:01.349 [info] fatal: not a git repository (or any of the parent directories): .git
2023-07-25 05:20:02.499 [info] > git rev-parse --show-toplevel [2ms]
2023-07-25 05:20:02.499 [info] fatal: not a git repository (or any of the parent directories): .git
2023-07-25 05:20:36.244 [info] > git rev-parse --show-toplevel [1ms]
2023-07-25 05:20:36.244 [info] fatal: not a git repository (or any of the parent directories): .git
2023-07-25 05:23:26.698 [info] > git rev-parse --show-toplevel [1ms]
2023-07-25 05:23:26.698 [info] fatal: not a git repository (or any of the parent directories): .git
2023-07-25 05:23:27.834 [info] > git rev-parse --show-toplevel [1ms]
2023-07-25 05:23:27.834 [info] fatal: not a git repository (or any of the parent directories): .git
2023-07-25 05:23:31.872 [info] > git rev-parse --show-toplevel [2ms]
2023-07-25 05:23:31.872 [info] fatal: not a git repository (or any of the parent directories): .git
2023-07-25 05:23:42.823 [info] > git rev-parse --show-toplevel [2ms]
2023-07-25 05:23:42.823 [info] fatal: not a git repository (or any of the parent directories): .git
2023-07-25 05:23:48.452 [info] > git rev-parse --show-toplevel [2ms]
2023-07-25 05:23:48.452 [info] fatal: not a git repository (or any of the parent directories): .git
2023-07-25 05:23:51.625 [info] > git rev-parse --show-toplevel [3ms]
2023-07-25 05:23:51.625 [info] fatal: not a git repository (or any of the parent directories): .git
2023-07-25 05:23:52.675 [info] > git rev-parse --show-toplevel [2ms]
2023-07-25 05:23:52.675 [info] fatal: not a git repository (or any of the parent directories): .git
2023-07-25 05:23:53.287 [info] > git rev-parse --show-toplevel [2ms]
2023-07-25 05:23:53.287 [info] fatal: not a git repository (or any of the parent directories): .git
2023-07-25 05:23:54.279 [info] > git rev-parse --show-toplevel [1ms]
2023-07-25 05:23:54.279 [info] fatal: not a git repository (or any of the parent directories): .git
2023-07-25 05:23:55.049 [info] > git rev-parse --show-toplevel [2ms]
2023-07-25 05:23:55.049 [info] fatal: not a git repository (or any of the parent directories): .git
2023-07-25 05:23:57.417 [info] > git rev-parse --show-toplevel [2ms]
2023-07-25 05:23:57.417 [info] fatal: not a git repository (or any of the parent directories): .git
2023-07-25 05:23:58.937 [info] > git rev-parse --show-toplevel [2ms]
2023-07-25 05:23:58.937 [info] fatal: not a git repository (or any of the parent directories): .git
