2023-07-25 19:38:45.908 [info] Log level: Info
2023-07-25 19:38:45.908 [info] Validating found git in: "git"
2023-07-25 19:38:45.908 [info] Using git "2.41.0" from "git"
2023-07-25 19:38:45.908 [info] > git rev-parse --show-toplevel [12ms]
2023-07-25 19:38:45.908 [info] fatal: not a git repository (or any of the parent directories): .git
2023-07-25 19:38:45.908 [info] > git rev-parse --show-toplevel [3ms]
2023-07-25 19:38:45.908 [info] fatal: not a git repository (or any of the parent directories): .git
2023-07-25 19:38:45.908 [info] > git rev-parse --show-toplevel [4ms]
2023-07-25 19:38:45.908 [info] fatal: not a git repository (or any of the parent directories): .git
2023-07-25 19:38:45.909 [info] > git rev-parse --show-toplevel [55ms]
2023-07-25 19:38:45.909 [info] fatal: not a git repository (or any of the parent directories): .git
2023-07-25 19:38:45.922 [info] > git rev-parse --show-toplevel [6ms]
2023-07-25 19:38:45.922 [info] fatal: not a git repository (or any of the parent directories): .git
2023-07-25 19:38:45.930 [info] > git rev-parse --show-toplevel [2ms]
2023-07-25 19:38:45.930 [info] fatal: not a git repository (or any of the parent directories): .git
2023-07-25 19:38:45.944 [info] > git rev-parse --show-toplevel [5ms]
2023-07-25 19:38:45.944 [info] fatal: not a git repository (or any of the parent directories): .git
2023-07-25 19:38:45.964 [info] > git rev-parse --show-toplevel [12ms]
2023-07-25 19:38:45.965 [info] fatal: not a git repository (or any of the parent directories): .git
2023-07-25 19:38:45.976 [info] > git rev-parse --show-toplevel [3ms]
2023-07-25 19:38:45.976 [info] fatal: not a git repository (or any of the parent directories): .git
2023-07-25 19:38:45.987 [info] > git rev-parse --show-toplevel [2ms]
2023-07-25 19:38:45.987 [info] fatal: not a git repository (or any of the parent directories): .git
2023-07-25 19:38:45.998 [info] > git rev-parse --show-toplevel [2ms]
2023-07-25 19:38:45.998 [info] fatal: not a git repository (or any of the parent directories): .git
2023-07-25 19:38:46.009 [info] > git rev-parse --show-toplevel [1ms]
2023-07-25 19:38:46.010 [info] fatal: not a git repository (or any of the parent directories): .git
2023-07-25 19:38:46.019 [info] > git rev-parse --show-toplevel [3ms]
2023-07-25 19:38:46.019 [info] fatal: not a git repository (or any of the parent directories): .git
2023-07-25 19:38:46.028 [info] > git rev-parse --show-toplevel [1ms]
2023-07-25 19:38:46.028 [info] fatal: not a git repository (or any of the parent directories): .git
2023-07-25 19:38:46.033 [info] > git rev-parse --show-toplevel [1ms]
2023-07-25 19:38:46.033 [info] fatal: not a git repository (or any of the parent directories): .git
2023-07-25 19:38:46.039 [info] > git rev-parse --show-toplevel [1ms]
2023-07-25 19:38:46.039 [info] fatal: not a git repository (or any of the parent directories): .git
2023-07-25 19:38:46.046 [info] > git rev-parse --show-toplevel [1ms]
2023-07-25 19:38:46.046 [info] fatal: not a git repository (or any of the parent directories): .git
2023-07-25 19:38:46.052 [info] > git rev-parse --show-toplevel [2ms]
2023-07-25 19:38:46.052 [info] fatal: not a git repository (or any of the parent directories): .git
2023-07-25 19:38:46.058 [info] > git rev-parse --show-toplevel [1ms]
2023-07-25 19:38:46.058 [info] fatal: not a git repository (or any of the parent directories): .git
2023-07-25 19:38:46.062 [info] > git rev-parse --show-toplevel [1ms]
2023-07-25 19:38:46.062 [info] fatal: not a git repository (or any of the parent directories): .git
2023-07-25 19:38:46.069 [info] > git rev-parse --show-toplevel [3ms]
2023-07-25 19:38:46.069 [info] fatal: not a git repository (or any of the parent directories): .git
2023-07-25 19:38:46.076 [info] > git rev-parse --show-toplevel [2ms]
2023-07-25 19:38:46.077 [info] fatal: not a git repository (or any of the parent directories): .git
2023-07-25 19:38:46.081 [info] > git rev-parse --show-toplevel [1ms]
2023-07-25 19:38:46.081 [info] fatal: not a git repository (or any of the parent directories): .git
2023-07-25 19:38:46.085 [info] > git rev-parse --show-toplevel [0ms]
2023-07-25 19:38:46.085 [info] fatal: not a git repository (or any of the parent directories): .git
2023-07-25 19:38:46.096 [info] > git rev-parse --show-toplevel [6ms]
2023-07-25 19:38:46.096 [info] fatal: not a git repository (or any of the parent directories): .git
2023-07-25 19:38:46.105 [info] > git rev-parse --show-toplevel [2ms]
2023-07-25 19:38:46.105 [info] fatal: not a git repository (or any of the parent directories): .git
2023-07-25 19:38:46.261 [info] > git rev-parse --show-toplevel [2ms]
2023-07-25 19:38:46.262 [info] fatal: not a git repository (or any of the parent directories): .git
