2023-07-25 18:40:25.028 [info] Extension host with pid 3271 started
2023-07-25 18:40:25.029 [info] Skipping acquiring lock for /home/rlsxsuredials/.config/Code - OSS/User/workspaceStorage/967db1597221667d4a2be948bd22635f.
2023-07-25 18:40:26.169 [info] ExtensionService#_doActivateExtension vscode.emmet, startup: false, activationEvent: 'onLanguage'
2023-07-25 18:40:26.184 [info] ExtensionService#_doActivateExtension vscode.git-base, startup: true, activationEvent: '*', root cause: vscode.git
2023-07-25 18:40:26.223 [info] ExtensionService#_doActivateExtension vscode.git, startup: true, activationEvent: '*'
2023-07-25 18:40:26.260 [info] ExtensionService#_doActivateExtension vscode.github, startup: true, activationEvent: '*'
2023-07-25 18:40:26.311 [info] Eager extensions activated
2023-07-25 18:40:26.343 [info] ExtensionService#_doActivateExtension vscode.debug-auto-launch, startup: false, activationEvent: 'onStartupFinished'
2023-07-25 18:40:26.348 [info] ExtensionService#_doActivateExtension vscode.merge-conflict, startup: false, activationEvent: 'onStartupFinished'
2023-07-25 18:40:39.719 [info] Extension host terminating: renderer closed the MessagePort
2023-07-25 18:40:39.723 [info] Extension host with pid 3271 exiting with code 0
2023-07-25 18:40:40.895 [info] Extension host with pid 3352 started
2023-07-25 18:40:40.895 [info] Skipping acquiring lock for /home/rlsxsuredials/.config/Code - OSS/User/workspaceStorage/db6817cefd510d338c4827ef462cfdc1.
2023-07-25 18:40:41.004 [info] ExtensionService#_doActivateExtension vscode.emmet, startup: false, activationEvent: 'onLanguage'
2023-07-25 18:40:41.034 [info] ExtensionService#_doActivateExtension vscode.git-base, startup: true, activationEvent: '*', root cause: vscode.git
2023-07-25 18:40:41.077 [info] ExtensionService#_doActivateExtension vscode.git, startup: true, activationEvent: '*'
2023-07-25 18:40:41.093 [info] ExtensionService#_doActivateExtension vscode.github, startup: true, activationEvent: '*'
2023-07-25 18:40:41.250 [info] Eager extensions activated
2023-07-25 18:40:41.336 [info] ExtensionService#_doActivateExtension vscode.debug-auto-launch, startup: false, activationEvent: 'onStartupFinished'
2023-07-25 18:40:41.339 [info] ExtensionService#_doActivateExtension vscode.merge-conflict, startup: false, activationEvent: 'onStartupFinished'
2023-07-25 19:30:55.924 [info] Extension host terminating: renderer closed the MessagePort
2023-07-25 19:30:55.928 [info] Extension host with pid 3352 exiting with code 0
2023-07-25 19:30:57.625 [info] Extension host with pid 10578 started
2023-07-25 19:30:57.625 [info] Skipping acquiring lock for /home/rlsxsuredials/.config/Code - OSS/User/workspaceStorage/434901cf570ed0e7ac478d2ed0ceb81f.
2023-07-25 19:30:57.731 [info] ExtensionService#_doActivateExtension vscode.emmet, startup: false, activationEvent: 'onLanguage'
2023-07-25 19:30:57.749 [info] ExtensionService#_doActivateExtension vscode.git-base, startup: true, activationEvent: '*', root cause: vscode.git
2023-07-25 19:30:57.755 [info] ExtensionService#_doActivateExtension vscode.git, startup: true, activationEvent: '*'
2023-07-25 19:30:57.775 [info] ExtensionService#_doActivateExtension vscode.github, startup: true, activationEvent: '*'
2023-07-25 19:30:57.826 [info] Eager extensions activated
2023-07-25 19:30:57.846 [info] ExtensionService#_doActivateExtension vscode.debug-auto-launch, startup: false, activationEvent: 'onStartupFinished'
2023-07-25 19:30:57.849 [info] ExtensionService#_doActivateExtension vscode.merge-conflict, startup: false, activationEvent: 'onStartupFinished'
2023-07-25 19:34:04.671 [info] Extension host terminating: renderer closed the MessagePort
2023-07-25 19:34:04.675 [info] Extension host with pid 10578 exiting with code 0
