2023-07-25 18:40:26.331 [info] Log level: Info
2023-07-25 18:40:26.331 [info] Validating found git in: "git"
2023-07-25 18:40:26.331 [info] Using git "2.41.0" from "git"
2023-07-25 18:40:26.331 [info] > git rev-parse --show-toplevel [7ms]
2023-07-25 18:40:26.331 [info] fatal: not a git repository (or any of the parent directories): .git
2023-07-25 18:40:26.332 [info] > git rev-parse --show-toplevel [4ms]
2023-07-25 18:40:26.332 [info] fatal: not a git repository (or any of the parent directories): .git
2023-07-25 18:40:26.342 [info] > git rev-parse --show-toplevel [2ms]
2023-07-25 18:40:26.342 [info] fatal: not a git repository (or any of the parent directories): .git
2023-07-25 18:40:26.387 [info] > git rev-parse --show-toplevel [3ms]
2023-07-25 18:40:26.387 [info] fatal: not a git repository (or any of the parent directories): .git
2023-07-25 18:40:26.467 [info] > git rev-parse --show-toplevel [2ms]
2023-07-25 18:40:26.467 [info] fatal: not a git repository (or any of the parent directories): .git
2023-07-25 18:40:26.547 [info] > git rev-parse --show-toplevel [1ms]
2023-07-25 18:40:26.547 [info] fatal: not a git repository (or any of the parent directories): .git
2023-07-25 18:40:26.729 [info] > git rev-parse --show-toplevel [1ms]
2023-07-25 18:40:26.729 [info] fatal: not a git repository (or any of the parent directories): .git
2023-07-25 18:40:41.725 [info] Log level: Info
2023-07-25 18:40:41.725 [info] Validating found git in: "git"
2023-07-25 18:40:41.725 [info] Using git "2.41.0" from "git"
2023-07-25 18:40:41.725 [info] > git rev-parse --show-toplevel [2ms]
2023-07-25 18:40:41.725 [info] fatal: not a git repository (or any of the parent directories): .git
2023-07-25 18:40:41.725 [info] > git rev-parse --show-toplevel [1ms]
2023-07-25 18:40:41.725 [info] fatal: not a git repository (or any of the parent directories): .git
2023-07-25 18:40:41.725 [info] > git rev-parse --show-toplevel [1ms]
2023-07-25 18:40:41.725 [info] fatal: not a git repository (or any of the parent directories): .git
2023-07-25 18:40:41.725 [info] > git rev-parse --show-toplevel [3ms]
2023-07-25 18:40:41.725 [info] fatal: not a git repository (or any of the parent directories): .git
2023-07-25 18:40:41.725 [info] > git rev-parse --show-toplevel [1ms]
2023-07-25 18:40:41.725 [info] fatal: not a git repository (or any of the parent directories): .git
2023-07-25 18:40:41.900 [info] > git rev-parse --show-toplevel [1ms]
2023-07-25 18:40:41.900 [info] fatal: not a git repository (or any of the parent directories): .git
2023-07-25 18:40:41.925 [info] > git rev-parse --show-toplevel [1ms]
2023-07-25 18:40:41.925 [info] fatal: not a git repository (or any of the parent directories): .git
2023-07-25 18:40:42.193 [info] > git rev-parse --show-toplevel [1ms]
2023-07-25 18:40:42.193 [info] fatal: not a git repository (or any of the parent directories): .git
2023-07-25 18:40:42.332 [info] > git rev-parse --show-toplevel [2ms]
2023-07-25 18:40:42.332 [info] fatal: not a git repository (or any of the parent directories): .git
2023-07-25 19:30:55.921 [info] > git rev-parse --show-toplevel [2ms]
2023-07-25 19:30:55.921 [info] fatal: not a git repository (or any of the parent directories): .git
2023-07-25 19:30:57.872 [info] Log level: Info
2023-07-25 19:30:57.872 [info] Validating found git in: "git"
2023-07-25 19:30:57.872 [info] Using git "2.41.0" from "git"
2023-07-25 19:30:57.872 [info] > git rev-parse --show-toplevel [2ms]
2023-07-25 19:30:57.872 [info] fatal: not a git repository (or any of the parent directories): .git
2023-07-25 19:30:57.872 [info] > git rev-parse --show-toplevel [8ms]
2023-07-25 19:30:57.872 [info] fatal: not a git repository (or any of the parent directories): .git
2023-07-25 19:30:57.872 [info] > git rev-parse --show-toplevel [18ms]
2023-07-25 19:30:57.872 [info] fatal: not a git repository (or any of the parent directories): .git
2023-07-25 19:30:57.873 [info] > git rev-parse --show-toplevel [3ms]
2023-07-25 19:30:57.873 [info] fatal: not a git repository (or any of the parent directories): .git
2023-07-25 19:30:57.886 [info] > git rev-parse --show-toplevel [5ms]
2023-07-25 19:30:57.886 [info] fatal: not a git repository (or any of the parent directories): .git
2023-07-25 19:30:57.899 [info] > git rev-parse --show-toplevel [6ms]
2023-07-25 19:30:57.899 [info] fatal: not a git repository (or any of the parent directories): .git
2023-07-25 19:30:57.907 [info] > git rev-parse --show-toplevel [1ms]
2023-07-25 19:30:57.907 [info] fatal: not a git repository (or any of the parent directories): .git
2023-07-25 19:30:57.915 [info] > git rev-parse --show-toplevel [1ms]
2023-07-25 19:30:57.915 [info] fatal: not a git repository (or any of the parent directories): .git
2023-07-25 19:30:57.922 [info] > git rev-parse --show-toplevel [2ms]
2023-07-25 19:30:57.922 [info] fatal: not a git repository (or any of the parent directories): .git
2023-07-25 19:30:57.932 [info] > git rev-parse --show-toplevel [2ms]
2023-07-25 19:30:57.932 [info] fatal: not a git repository (or any of the parent directories): .git
2023-07-25 19:30:57.941 [info] > git rev-parse --show-toplevel [2ms]
2023-07-25 19:30:57.942 [info] fatal: not a git repository (or any of the parent directories): .git
2023-07-25 19:30:57.951 [info] > git rev-parse --show-toplevel [2ms]
2023-07-25 19:30:57.951 [info] fatal: not a git repository (or any of the parent directories): .git
2023-07-25 19:30:57.960 [info] > git rev-parse --show-toplevel [1ms]
2023-07-25 19:30:57.960 [info] fatal: not a git repository (or any of the parent directories): .git
2023-07-25 19:30:57.968 [info] > git rev-parse --show-toplevel [2ms]
2023-07-25 19:30:57.968 [info] fatal: not a git repository (or any of the parent directories): .git
2023-07-25 19:30:57.976 [info] > git rev-parse --show-toplevel [1ms]
2023-07-25 19:30:57.976 [info] fatal: not a git repository (or any of the parent directories): .git
2023-07-25 19:30:57.984 [info] > git rev-parse --show-toplevel [1ms]
2023-07-25 19:30:57.984 [info] fatal: not a git repository (or any of the parent directories): .git
2023-07-25 19:30:57.993 [info] > git rev-parse --show-toplevel [1ms]
2023-07-25 19:30:57.993 [info] fatal: not a git repository (or any of the parent directories): .git
2023-07-25 19:30:58.000 [info] > git rev-parse --show-toplevel [2ms]
2023-07-25 19:30:58.000 [info] fatal: not a git repository (or any of the parent directories): .git
2023-07-25 19:30:58.018 [info] > git rev-parse --show-toplevel [7ms]
2023-07-25 19:30:58.018 [info] fatal: not a git repository (or any of the parent directories): .git
2023-07-25 19:30:58.028 [info] > git rev-parse --show-toplevel [2ms]
2023-07-25 19:30:58.028 [info] fatal: not a git repository (or any of the parent directories): .git
2023-07-25 19:30:58.038 [info] > git rev-parse --show-toplevel [2ms]
2023-07-25 19:30:58.038 [info] fatal: not a git repository (or any of the parent directories): .git
2023-07-25 19:30:58.047 [info] > git rev-parse --show-toplevel [1ms]
2023-07-25 19:30:58.047 [info] fatal: not a git repository (or any of the parent directories): .git
2023-07-25 19:30:58.053 [info] > git rev-parse --show-toplevel [1ms]
2023-07-25 19:30:58.053 [info] fatal: not a git repository (or any of the parent directories): .git
2023-07-25 19:30:58.059 [info] > git rev-parse --show-toplevel [1ms]
2023-07-25 19:30:58.059 [info] fatal: not a git repository (or any of the parent directories): .git
2023-07-25 19:30:58.064 [info] > git rev-parse --show-toplevel [2ms]
2023-07-25 19:30:58.064 [info] fatal: not a git repository (or any of the parent directories): .git
2023-07-25 19:30:58.098 [info] > git rev-parse --show-toplevel [1ms]
2023-07-25 19:30:58.098 [info] fatal: not a git repository (or any of the parent directories): .git
2023-07-25 19:30:58.289 [info] > git rev-parse --show-toplevel [2ms]
2023-07-25 19:30:58.289 [info] fatal: not a git repository (or any of the parent directories): .git
