2023-07-25 19:43:22.677 [info] Log level: Info
2023-07-25 19:43:22.677 [info] Validating found git in: "git"
2023-07-25 19:43:22.677 [info] Using git "2.41.0" from "git"
2023-07-25 19:43:22.677 [info] > git rev-parse --show-toplevel [4ms]
2023-07-25 19:43:22.677 [info] fatal: not a git repository (or any of the parent directories): .git
2023-07-25 19:43:22.677 [info] > git rev-parse --show-toplevel [5ms]
2023-07-25 19:43:22.677 [info] fatal: not a git repository (or any of the parent directories): .git
2023-07-25 19:43:22.677 [info] > git rev-parse --show-toplevel [3ms]
2023-07-25 19:43:22.677 [info] fatal: not a git repository (or any of the parent directories): .git
2023-07-25 19:43:22.678 [info] > git rev-parse --show-toplevel [17ms]
2023-07-25 19:43:22.678 [info] fatal: not a git repository (or any of the parent directories): .git
2023-07-25 19:43:22.690 [info] > git rev-parse --show-toplevel [3ms]
2023-07-25 19:43:22.690 [info] fatal: not a git repository (or any of the parent directories): .git
2023-07-25 19:43:22.700 [info] > git rev-parse --show-toplevel [4ms]
2023-07-25 19:43:22.700 [info] fatal: not a git repository (or any of the parent directories): .git
2023-07-25 19:43:22.706 [info] > git rev-parse --show-toplevel [1ms]
2023-07-25 19:43:22.706 [info] fatal: not a git repository (or any of the parent directories): .git
2023-07-25 19:43:22.712 [info] > git rev-parse --show-toplevel [2ms]
2023-07-25 19:43:22.712 [info] fatal: not a git repository (or any of the parent directories): .git
2023-07-25 19:43:22.719 [info] > git rev-parse --show-toplevel [1ms]
2023-07-25 19:43:22.719 [info] fatal: not a git repository (or any of the parent directories): .git
2023-07-25 19:43:22.727 [info] > git rev-parse --show-toplevel [1ms]
2023-07-25 19:43:22.727 [info] fatal: not a git repository (or any of the parent directories): .git
2023-07-25 19:43:22.733 [info] > git rev-parse --show-toplevel [2ms]
2023-07-25 19:43:22.733 [info] fatal: not a git repository (or any of the parent directories): .git
2023-07-25 19:43:22.741 [info] > git rev-parse --show-toplevel [1ms]
2023-07-25 19:43:22.741 [info] fatal: not a git repository (or any of the parent directories): .git
2023-07-25 19:43:22.747 [info] > git rev-parse --show-toplevel [1ms]
2023-07-25 19:43:22.747 [info] fatal: not a git repository (or any of the parent directories): .git
2023-07-25 19:43:22.753 [info] > git rev-parse --show-toplevel [1ms]
2023-07-25 19:43:22.753 [info] fatal: not a git repository (or any of the parent directories): .git
2023-07-25 19:43:22.758 [info] > git rev-parse --show-toplevel [1ms]
2023-07-25 19:43:22.758 [info] fatal: not a git repository (or any of the parent directories): .git
2023-07-25 19:43:22.771 [info] > git rev-parse --show-toplevel [7ms]
2023-07-25 19:43:22.771 [info] fatal: not a git repository (or any of the parent directories): .git
2023-07-25 19:43:22.777 [info] > git rev-parse --show-toplevel [1ms]
2023-07-25 19:43:22.778 [info] fatal: not a git repository (or any of the parent directories): .git
2023-07-25 19:43:22.784 [info] > git rev-parse --show-toplevel [1ms]
2023-07-25 19:43:22.784 [info] fatal: not a git repository (or any of the parent directories): .git
2023-07-25 19:43:22.801 [info] > git rev-parse --show-toplevel [8ms]
2023-07-25 19:43:22.801 [info] fatal: not a git repository (or any of the parent directories): .git
2023-07-25 19:43:22.812 [info] > git rev-parse --show-toplevel [1ms]
2023-07-25 19:43:22.812 [info] fatal: not a git repository (or any of the parent directories): .git
2023-07-25 19:43:22.820 [info] > git rev-parse --show-toplevel [1ms]
2023-07-25 19:43:22.820 [info] fatal: not a git repository (or any of the parent directories): .git
2023-07-25 19:43:22.826 [info] > git rev-parse --show-toplevel [1ms]
2023-07-25 19:43:22.826 [info] fatal: not a git repository (or any of the parent directories): .git
2023-07-25 19:43:22.832 [info] > git rev-parse --show-toplevel [1ms]
2023-07-25 19:43:22.832 [info] fatal: not a git repository (or any of the parent directories): .git
2023-07-25 19:43:22.842 [info] > git rev-parse --show-toplevel [4ms]
2023-07-25 19:43:22.842 [info] fatal: not a git repository (or any of the parent directories): .git
2023-07-25 19:43:22.857 [info] > git rev-parse --show-toplevel [2ms]
2023-07-25 19:43:22.857 [info] fatal: not a git repository (or any of the parent directories): .git
2023-07-25 19:43:22.964 [info] > git rev-parse --show-toplevel [1ms]
2023-07-25 19:43:22.964 [info] fatal: not a git repository (or any of the parent directories): .git
2023-07-25 19:43:23.173 [info] > git rev-parse --show-toplevel [2ms]
2023-07-25 19:43:23.173 [info] fatal: not a git repository (or any of the parent directories): .git
2023-07-25 19:43:28.511 [info] > git rev-parse --show-toplevel [6ms]
2023-07-25 19:43:28.511 [info] fatal: not a git repository (or any of the parent directories): .git
